# JRE version: Java(TM) SE Runtime Environment (8.0_201-b09) (build 1.8.0_201-b09)
# Java VM: Java HotSpot(TM) 64-Bit Server VM (25.201-b09 mixed mode linux-amd64 compressed oops)
Heap:
 PSYoungGen      total 445952K, used 0K [0x00000000d7300000, 0x0000000100000000, 0x0000000100000000)
  eden space 223232K, 0% used [0x00000000d7300000,0x00000000d7300000,0x00000000e4d00000)
  from space 222720K, 0% used [0x00000000f2680000,0x00000000f2680000,0x0000000100000000)
  to   space 222720K, 0% used [0x00000000e4d00000,0x00000000e4d00000,0x00000000f2680000)
 ParOldGen       total 250880K, used 169605K [0x0000000085800000, 0x0000000094d00000, 0x00000000d7300000)
  object space 250880K, 67% used [0x0000000085800000,0x000000008fda15b8,0x0000000094d00000)
 Metaspace       used 2622K, capacity 4564K, committed 4864K, reserved 1056768K
  class space    used 274K, capacity 388K, committed 512K, reserved 1048576K
GC Heap History (10 events):
Event: 5.949 GC heap after
Heap after GC invocations=15 (full 3):
 PSYoungGen      total 331776K, used 142752K [0x00000000d7300000, 0x00000000f8380000, 0x0000000100000000)
  eden space 171008K, 0% used [0x00000000d7300000,0x00000000d7300000,0x00000000e1a00000)
  from space 160768K, 88% used [0x00000000ec680000,0x00000000f51e8020,0x00000000f6380000)
  to   space 176640K, 0% used [0x00000000e1a00000,0x00000000e1a00000,0x00000000ec680000)
 ParOldGen       total 250880K, used 75293K [0x0000000085800000, 0x0000000094d00000, 0x00000000d7300000)
  object space 250880K, 30% used [0x0000000085800000,0x000000008a1874c0,0x0000000094d00000)
 Metaspace       used 2617K, capacity 4564K, committed 4864K, reserved 1056768K
  class space    used 274K, capacity 388K, committed 512K, reserved 1048576K
}
Event: 6.514 GC heap before
{Heap before GC invocations=16 (full 3):
 PSYoungGen      total 331776K, used 313760K [0x00000000d7300000, 0x00000000f8380000, 0x0000000100000000)
  eden space 171008K, 100% used [0x00000000d7300000,0x00000000e1a00000,0x00000000e1a00000)
  from space 160768K, 88% used [0x00000000ec680000,0x00000000f51e8020,0x00000000f6380000)
  to   space 176640K, 0% used [0x00000000e1a00000,0x00000000e1a00000,0x00000000ec680000)
 ParOldGen       total 250880K, used 75293K [0x0000000085800000, 0x0000000094d00000, 0x00000000d7300000)
  object space 250880K, 30% used [0x0000000085800000,0x000000008a1874c0,0x0000000094d00000)
 Metaspace       used 2620K, capacity 4564K, committed 4864K, reserved 1056768K
  class space    used 274K, capacity 388K, committed 512K, reserved 1048576K
Event: 6.633 GC heap after
Heap after GC invocations=16 (full 3):
 PSYoungGen      total 347648K, used 138976K [0x00000000d7300000, 0x00000000fb400000, 0x0000000100000000)
  eden space 171008K, 0% used [0x00000000d7300000,0x00000000d7300000,0x00000000e1a00000)
  from space 176640K, 78% used [0x00000000e1a00000,0x00000000ea1b8020,0x00000000ec680000)
  to   space 187904K, 0% used [0x00000000efc80000,0x00000000efc80000,0x00000000fb400000)
 ParOldGen       total 250880K, used 75301K [0x0000000085800000, 0x0000000094d00000, 0x00000000d7300000)
  object space 250880K, 30% used [0x0000000085800000,0x000000008a1894c0,0x0000000094d00000)
 Metaspace       used 2620K, capacity 4564K, committed 4864K, reserved 1056768K
  class space    used 274K, capacity 388K, committed 512K, reserved 1048576K
}
Event: 7.036 GC heap before
{Heap before GC invocations=17 (full 3):
 PSYoungGen      total 347648K, used 309984K [0x00000000d7300000, 0x00000000fb400000, 0x0000000100000000)
  eden space 171008K, 100% used [0x00000000d7300000,0x00000000e1a00000,0x00000000e1a00000)
  from space 176640K, 78% used [0x00000000e1a00000,0x00000000ea1b8020,0x00000000ec680000)
  to   space 187904K, 0% used [0x00000000efc80000,0x00000000efc80000,0x00000000fb400000)
 ParOldGen       total 250880K, used 75301K [0x0000000085800000, 0x0000000094d00000, 0x00000000d7300000)
  object space 250880K, 30% used [0x0000000085800000,0x000000008a1894c0,0x0000000094d00000)
 Metaspace       used 2620K, capacity 4564K, committed 4864K, reserved 1056768K
  class space    used 274K, capacity 388K, committed 512K, reserved 1048576K
Event: 7.406 GC heap after
Heap after GC invocations=17 (full 3):
 PSYoungGen      total 368128K, used 187872K [0x00000000d7300000, 0x00000000ffc80000, 0x0000000100000000)
  eden space 180224K, 0% used [0x00000000d7300000,0x00000000d7300000,0x00000000e2300000)
  from space 187904K, 99% used [0x00000000efc80000,0x00000000fb3f8020,0x00000000fb400000)
  to   space 222720K, 0% used [0x00000000e2300000,0x00000000e2300000,0x00000000efc80000)
 ParOldGen       total 250880K, used 141229K [0x0000000085800000, 0x0000000094d00000, 0x00000000d7300000)
  object space 250880K, 56% used [0x0000000085800000,0x000000008e1eb4c0,0x0000000094d00000)
 Metaspace       used 2620K, capacity 4564K, committed 4864K, reserved 1056768K
  class space    used 274K, capacity 388K, committed 512K, reserved 1048576K
}
Event: 7.898 GC heap before
{Heap before GC invocations=18 (full 3):
 PSYoungGen      total 368128K, used 368096K [0x00000000d7300000, 0x00000000ffc80000, 0x0000000100000000)
  eden space 180224K, 100% used [0x00000000d7300000,0x00000000e2300000,0x00000000e2300000)
  from space 187904K, 99% used [0x00000000efc80000,0x00000000fb3f8020,0x00000000fb400000)
  to   space 222720K, 0% used [0x00000000e2300000,0x00000000e2300000,0x00000000efc80000)
 ParOldGen       total 250880K, used 141229K [0x0000000085800000, 0x0000000094d00000, 0x00000000d7300000)
  object space 250880K, 56% used [0x0000000085800000,0x000000008e1eb4c0,0x0000000094d00000)
 Metaspace       used 2622K, capacity 4564K, committed 4864K, reserved 1056768K
  class space    used 274K, capacity 388K, committed 512K, reserved 1048576K
Event: 8.062 GC heap after
Heap after GC invocations=18 (full 3):
 PSYoungGen      total 402944K, used 185792K [0x00000000d7300000, 0x0000000100000000, 0x0000000100000000)
  eden space 180224K, 0% used [0x00000000d7300000,0x00000000d7300000,0x00000000e2300000)
  from space 222720K, 83% used [0x00000000e2300000,0x00000000ed870020,0x00000000efc80000)
  to   space 222720K, 0% used [0x00000000f2680000,0x00000000f2680000,0x0000000100000000)
 ParOldGen       total 250880K, used 141229K [0x0000000085800000, 0x0000000094d00000, 0x00000000d7300000)
  object space 250880K, 56% used [0x0000000085800000,0x000000008e1eb4c0,0x0000000094d00000)
 Metaspace       used 2622K, capacity 4564K, committed 4864K, reserved 1056768K
  class space    used 274K, capacity 388K, committed 512K, reserved 1048576K
}
Event: 8.567 GC heap before
{Heap before GC invocations=19 (full 3):
 PSYoungGen      total 402944K, used 366016K [0x00000000d7300000, 0x0000000100000000, 0x0000000100000000)
  eden space 180224K, 100% used [0x00000000d7300000,0x00000000e2300000,0x00000000e2300000)
  from space 222720K, 83% used [0x00000000e2300000,0x00000000ed870020,0x00000000efc80000)
  to   space 222720K, 0% used [0x00000000f2680000,0x00000000f2680000,0x0000000100000000)
 ParOldGen       total 250880K, used 141229K [0x0000000085800000, 0x0000000094d00000, 0x00000000d7300000)
  object space 250880K, 56% used [0x0000000085800000,0x000000008e1eb4c0,0x0000000094d00000)
 Metaspace       used 2622K, capacity 4564K, committed 4864K, reserved 1056768K
  class space    used 274K, capacity 388K, committed 512K, reserved 1048576K
Event: 8.948 GC heap after
Heap after GC invocations=19 (full 3):
 PSYoungGen      total 445952K, used 222688K [0x00000000d7300000, 0x0000000100000000, 0x0000000100000000)
  eden space 223232K, 0% used [0x00000000d7300000,0x00000000d7300000,0x00000000e4d00000)
  from space 222720K, 99% used [0x00000000f2680000,0x00000000ffff8010,0x0000000100000000)
  to   space 222720K, 0% used [0x00000000e4d00000,0x00000000e4d00000,0x00000000f2680000)
 ParOldGen       total 250880K, used 208965K [0x0000000085800000, 0x0000000094d00000, 0x00000000d7300000)
  object space 250880K, 83% used [0x0000000085800000,0x00000000924114d0,0x0000000094d00000)
 Metaspace       used 2622K, capacity 4564K, committed 4864K, reserved 1056768K
  class space    used 274K, capacity 388K, committed 512K, reserved 1048576K
}
Event: 8.950 GC heap before
{Heap before GC invocations=20 (full 4):
 PSYoungGen      total 445952K, used 222688K [0x00000000d7300000, 0x0000000100000000, 0x0000000100000000)
  eden space 223232K, 0% used [0x00000000d7300000,0x00000000d7300000,0x00000000e4d00000)
  from space 222720K, 99% used [0x00000000f2680000,0x00000000ffff8010,0x0000000100000000)
  to   space 222720K, 0% used [0x00000000e4d00000,0x00000000e4d00000,0x00000000f2680000)
 ParOldGen       total 250880K, used 208965K [0x0000000085800000, 0x0000000094d00000, 0x00000000d7300000)
  object space 250880K, 83% used [0x0000000085800000,0x00000000924114d0,0x0000000094d00000)
 Metaspace       used 2622K, capacity 4564K, committed 4864K, reserved 1056768K
  class space    used 274K, capacity 388K, committed 512K, reserved 1048576K

