# JRE version: Java(TM) SE Runtime Environment (8.0_201-b09) (build 1.8.0_201-b09)
# Java VM: Java HotSpot(TM) 64-Bit Server VM (25.201-b09 mixed mode linux-amd64 compressed oops)
Heap:
 PSYoungGen      total 437760K, used 0K [0x00000000d7300000, 0x00000000ffb80000, 0x0000000100000000)
  eden space 215040K, 0% used [0x00000000d7300000,0x00000000d7300000,0x00000000e4500000)
  from space 222720K, 0% used [0x00000000f1e80000,0x00000000f1e80000,0x00000000ff800000)
  to   space 222720K, 0% used [0x00000000e4500000,0x00000000e4500000,0x00000000f1e80000)
 ParOldGen       total 259072K, used 153221K [0x0000000085800000, 0x0000000095500000, 0x00000000d7300000)
  object space 259072K, 59% used [0x0000000085800000,0x000000008eda1490,0x0000000095500000)
 Metaspace       used 2622K, capacity 4564K, committed 4864K, reserved 1056768K
  class space    used 274K, capacity 388K, committed 512K, reserved 1048576K
GC Heap History (10 events):
Event: 5.856 GC heap after
Heap after GC invocations=15 (full 3):
 PSYoungGen      total 327168K, used 140032K [0x00000000d7300000, 0x00000000f7c80000, 0x0000000100000000)
  eden space 166400K, 0% used [0x00000000d7300000,0x00000000d7300000,0x00000000e1580000)
  from space 160768K, 87% used [0x00000000ec100000,0x00000000f49c0020,0x00000000f5e00000)
  to   space 175616K, 0% used [0x00000000e1580000,0x00000000e1580000,0x00000000ec100000)
 ParOldGen       total 259072K, used 76314K [0x0000000085800000, 0x0000000095500000, 0x00000000d7300000)
  object space 259072K, 29% used [0x0000000085800000,0x000000008a286860,0x0000000095500000)
 Metaspace       used 2617K, capacity 4564K, committed 4864K, reserved 1056768K
  class space    used 274K, capacity 388K, committed 512K, reserved 1048576K
}
Event: 6.502 GC heap before
{Heap before GC invocations=16 (full 3):
 PSYoungGen      total 327168K, used 306432K [0x00000000d7300000, 0x00000000f7c80000, 0x0000000100000000)
  eden space 166400K, 100% used [0x00000000d7300000,0x00000000e1580000,0x00000000e1580000)
  from space 160768K, 87% used [0x00000000ec100000,0x00000000f49c0020,0x00000000f5e00000)
  to   space 175616K, 0% used [0x00000000e1580000,0x00000000e1580000,0x00000000ec100000)
 ParOldGen       total 259072K, used 76314K [0x0000000085800000, 0x0000000095500000, 0x00000000d7300000)
  object space 259072K, 29% used [0x0000000085800000,0x000000008a286860,0x0000000095500000)
 Metaspace       used 2620K, capacity 4564K, committed 4864K, reserved 1056768K
  class space    used 274K, capacity 388K, committed 512K, reserved 1048576K
Event: 6.663 GC heap after
Heap after GC invocations=16 (full 3):
 PSYoungGen      total 342016K, used 133920K [0x00000000d7300000, 0x00000000fa780000, 0x0000000100000000)
  eden space 166400K, 0% used [0x00000000d7300000,0x00000000d7300000,0x00000000e1580000)
  from space 175616K, 76% used [0x00000000e1580000,0x00000000e9848020,0x00000000ec100000)
  to   space 185344K, 0% used [0x00000000ef280000,0x00000000ef280000,0x00000000fa780000)
 ParOldGen       total 259072K, used 76322K [0x0000000085800000, 0x0000000095500000, 0x00000000d7300000)
  object space 259072K, 29% used [0x0000000085800000,0x000000008a288860,0x0000000095500000)
 Metaspace       used 2620K, capacity 4564K, committed 4864K, reserved 1056768K
  class space    used 274K, capacity 388K, committed 512K, reserved 1048576K
}
Event: 7.175 GC heap before
{Heap before GC invocations=17 (full 3):
 PSYoungGen      total 342016K, used 300320K [0x00000000d7300000, 0x00000000fa780000, 0x0000000100000000)
  eden space 166400K, 100% used [0x00000000d7300000,0x00000000e1580000,0x00000000e1580000)
  from space 175616K, 76% used [0x00000000e1580000,0x00000000e9848020,0x00000000ec100000)
  to   space 185344K, 0% used [0x00000000ef280000,0x00000000ef280000,0x00000000fa780000)
 ParOldGen       total 259072K, used 76322K [0x0000000085800000, 0x0000000095500000, 0x00000000d7300000)
  object space 259072K, 29% used [0x0000000085800000,0x000000008a288860,0x0000000095500000)
 Metaspace       used 2620K, capacity 4564K, committed 4864K, reserved 1056768K
  class space    used 274K, capacity 388K, committed 512K, reserved 1048576K
Event: 7.519 GC heap after
Heap after GC invocations=17 (full 3):
 PSYoungGen      total 355328K, used 185312K [0x00000000d7300000, 0x00000000ff400000, 0x0000000100000000)
  eden space 169984K, 0% used [0x00000000d7300000,0x00000000d7300000,0x00000000e1900000)
  from space 185344K, 99% used [0x00000000ef280000,0x00000000fa778020,0x00000000fa780000)
  to   space 222720K, 0% used [0x00000000e1900000,0x00000000e1900000,0x00000000ef280000)
 ParOldGen       total 259072K, used 137818K [0x0000000085800000, 0x0000000095500000, 0x00000000d7300000)
  object space 259072K, 53% used [0x0000000085800000,0x000000008de96860,0x0000000095500000)
 Metaspace       used 2620K, capacity 4564K, committed 4864K, reserved 1056768K
  class space    used 274K, capacity 388K, committed 512K, reserved 1048576K
}
Event: 7.962 GC heap before
{Heap before GC invocations=18 (full 3):
 PSYoungGen      total 355328K, used 353618K [0x00000000d7300000, 0x00000000ff400000, 0x0000000100000000)
  eden space 169984K, 99% used [0x00000000d7300000,0x00000000e175c8e8,0x00000000e1900000)
  from space 185344K, 99% used [0x00000000ef280000,0x00000000fa778020,0x00000000fa780000)
  to   space 222720K, 0% used [0x00000000e1900000,0x00000000e1900000,0x00000000ef280000)
 ParOldGen       total 259072K, used 137818K [0x0000000085800000, 0x0000000095500000, 0x00000000d7300000)
  object space 259072K, 53% used [0x0000000085800000,0x000000008de96860,0x0000000095500000)
 Metaspace       used 2622K, capacity 4564K, committed 4864K, reserved 1056768K
  class space    used 274K, capacity 388K, committed 512K, reserved 1048576K
Event: 8.125 GC heap after
Heap after GC invocations=18 (full 3):
 PSYoungGen      total 392704K, used 174560K [0x00000000d7300000, 0x00000000ff800000, 0x0000000100000000)
  eden space 169984K, 0% used [0x00000000d7300000,0x00000000d7300000,0x00000000e1900000)
  from space 222720K, 78% used [0x00000000e1900000,0x00000000ec378020,0x00000000ef280000)
  to   space 222720K, 0% used [0x00000000f1e80000,0x00000000f1e80000,0x00000000ff800000)
 ParOldGen       total 259072K, used 137818K [0x0000000085800000, 0x0000000095500000, 0x00000000d7300000)
  object space 259072K, 53% used [0x0000000085800000,0x000000008de96860,0x0000000095500000)
 Metaspace       used 2622K, capacity 4564K, committed 4864K, reserved 1056768K
  class space    used 274K, capacity 388K, committed 512K, reserved 1048576K
}
Event: 8.568 GC heap before
{Heap before GC invocations=19 (full 3):
 PSYoungGen      total 392704K, used 344544K [0x00000000d7300000, 0x00000000ff800000, 0x0000000100000000)
  eden space 169984K, 100% used [0x00000000d7300000,0x00000000e1900000,0x00000000e1900000)
  from space 222720K, 78% used [0x00000000e1900000,0x00000000ec378020,0x00000000ef280000)
  to   space 222720K, 0% used [0x00000000f1e80000,0x00000000f1e80000,0x00000000ff800000)
 ParOldGen       total 259072K, used 137818K [0x0000000085800000, 0x0000000095500000, 0x00000000d7300000)
  object space 259072K, 53% used [0x0000000085800000,0x000000008de96860,0x0000000095500000)
 Metaspace       used 2622K, capacity 4564K, committed 4864K, reserved 1056768K
  class space    used 274K, capacity 388K, committed 512K, reserved 1048576K
Event: 8.912 GC heap after
Heap after GC invocations=19 (full 3):
 PSYoungGen      total 437760K, used 211264K [0x00000000d7300000, 0x00000000ffb80000, 0x0000000100000000)
  eden space 215040K, 0% used [0x00000000d7300000,0x00000000d7300000,0x00000000e4500000)
  from space 222720K, 94% used [0x00000000f1e80000,0x00000000fecd0010,0x00000000ff800000)
  to   space 222720K, 0% used [0x00000000e4500000,0x00000000e4500000,0x00000000f1e80000)
 ParOldGen       total 259072K, used 205226K [0x0000000085800000, 0x0000000095500000, 0x00000000d7300000)
  object space 259072K, 79% used [0x0000000085800000,0x000000009206a870,0x0000000095500000)
 Metaspace       used 2622K, capacity 4564K, committed 4864K, reserved 1056768K
  class space    used 274K, capacity 388K, committed 512K, reserved 1048576K
}
Event: 8.913 GC heap before
{Heap before GC invocations=20 (full 4):
 PSYoungGen      total 437760K, used 211264K [0x00000000d7300000, 0x00000000ffb80000, 0x0000000100000000)
  eden space 215040K, 0% used [0x00000000d7300000,0x00000000d7300000,0x00000000e4500000)
  from space 222720K, 94% used [0x00000000f1e80000,0x00000000fecd0010,0x00000000ff800000)
  to   space 222720K, 0% used [0x00000000e4500000,0x00000000e4500000,0x00000000f1e80000)
 ParOldGen       total 259072K, used 205226K [0x0000000085800000, 0x0000000095500000, 0x00000000d7300000)
  object space 259072K, 79% used [0x0000000085800000,0x000000009206a870,0x0000000095500000)
 Metaspace       used 2622K, capacity 4564K, committed 4864K, reserved 1056768K
  class space    used 274K, capacity 388K, committed 512K, reserved 1048576K

